* using log directory ‘/Users/nguyendu/Google Drive/swissinfo/_helpers/swiMap.Rcheck’
* using R version 3.1.3 (2015-03-09)
* using platform: x86_64-apple-darwin13.4.0 (64-bit)
* using session charset: UTF-8
* checking for file ‘swiMap/DESCRIPTION’ ... OK
* checking extension type ... Package
* this is package ‘swiMap’ version ‘1.0’
* checking package namespace information ... OK
* checking package dependencies ... OK
* checking if this is a source package ... OK
* checking if there is a namespace ... OK
* checking for executable files ... OK
* checking for hidden files and directories ... OK
* checking for portable file names ... OK
* checking for sufficient/correct file permissions ... OK
* checking whether package ‘swiMap’ can be installed ... WARNING
Found the following significant warnings:
  Warning: /Users/nguyendu/Google Drive/swissinfo/_helpers/swiMap.Rcheck/00_pkg_src/swiMap/man/swiMap-package.Rd:32: All text must be in a section
See ‘/Users/nguyendu/Google Drive/swissinfo/_helpers/swiMap.Rcheck/00install.out’ for details.
* checking installed package size ... NOTE
  installed size is 29.4Mb
  sub-directories of 1Mb or more:
    extdata  29.3Mb
* checking package directory ... OK
* checking DESCRIPTION meta-information ... WARNING
Non-standard license specification:
  What license is it under?
Standardizable: FALSE
* checking top-level files ... OK
* checking for left-over files ... OK
* checking index information ... OK
* checking package subdirectories ... OK
* checking R files for non-ASCII characters ... OK
* checking R files for syntax errors ... OK
* checking whether the package can be loaded ... OK
* checking whether the package can be loaded with stated dependencies ... OK
* checking whether the package can be unloaded cleanly ... OK
* checking whether the namespace can be loaded with stated dependencies ... OK
* checking whether the namespace can be unloaded cleanly ... OK
* checking loading without being on the library search path ... OK
* checking dependencies in R code ... NOTE
Namespaces in Imports field not imported from:
  ‘countrycode’ ‘rgdal’ ‘rgeos’
  All declared Imports should be used.
* checking S3 generic/method consistency ... OK
* checking replacement functions ... OK
* checking foreign function calls ... OK
* checking R code for possible problems ... OK
* checking Rd files ... WARNING
prepare_Rd: swiMap-package.Rd:32: All text must be in a section
swi_CHnames.Rd: non-ASCII input and no declared encoding
problem found in ‘swi_CHnames.Rd’
* checking Rd metadata ... OK
* checking Rd line widths ... OK
* checking Rd cross-references ...